[2024-03-11 14:32:50] Executing bootstrap tasks
[2024-03-11 14:32:50] OpenJDK Runtime Environment 17.0.9+9
[2024-03-11 14:32:50] Product org.eclipse.products.epp.package.java.2023-12
[2024-03-11 14:32:50] Bundle org.eclipse.oomph.setup 1.28.0.v20231119-1528, build=329, branch=ce29403a7d4aa58696a4ca86279095fb306631c6
[2024-03-11 14:32:50] Bundle org.eclipse.oomph.setup.core 1.29.0.v20231119-1541, build=329, branch=ce29403a7d4aa58696a4ca86279095fb306631c6
[2024-03-11 14:32:50] Bundle org.eclipse.oomph.setup.p2 1.20.0.v20230617-1322, build=329, branch=ce29403a7d4aa58696a4ca86279095fb306631c6
[2024-03-11 14:32:50] Performing P2 Director (Eclipse IDE for Java Developers (2023-12))
[2024-03-11 14:32:50] Offline = false
[2024-03-11 14:32:50] Mirrors = true
[2024-03-11 14:32:50] Resolving 26 requirements from 3 repositories to /Users/jaeochoiii/Desktop/Java/Eclipse.app/Contents/Eclipse
[2024-03-11 14:32:50] Requirement org.eclipse.equinox.p2.iu:epp.package.java [4.30.0,5.0.0) (filter=(|(&(osgi.arch=aarch64)(osgi.os=linux)(osgi.ws=gtk))(&(osgi.arch=aarch64)(osgi.os=macosx)(osgi.ws=cocoa))(&(osgi.arch=x86_64)(osgi.os=linux)(osgi.ws=gtk))(&(osgi.arch=x86_64)(osgi.os=macosx)(osgi.ws=cocoa))(&(osgi.arch=x86_64)(osgi.os=win32)(osgi.ws=win32))))
[2024-03-11 14:32:50] Requirement org.eclipse.equinox.p2.iu:org.eclipse.platform.feature.group [4.30.0,5.0.0)
[2024-03-11 14:32:50] Requirement org.eclipse.equinox.p2.iu:org.eclipse.rcp.feature.group [4.30.0,5.0.0)
[2024-03-11 14:32:50] Requirement org.eclipse.equinox.p2.iu:org.eclipse.buildship.feature.group
[2024-03-11 14:32:50] Requirement org.eclipse.equinox.p2.iu:org.eclipse.eclemma.feature.feature.group
[2024-03-11 14:32:50] Requirement org.eclipse.equinox.p2.iu:org.eclipse.egit.feature.group
[2024-03-11 14:32:50] Requirement org.eclipse.equinox.p2.iu:org.eclipse.epp.mpc.feature.group
[2024-03-11 14:32:50] Requirement org.eclipse.equinox.p2.iu:org.eclipse.jdt.bcoview.feature.feature.group
[2024-03-11 14:32:50] Requirement org.eclipse.equinox.p2.iu:org.eclipse.jdt.feature.group
[2024-03-11 14:32:50] Requirement org.eclipse.equinox.p2.iu:org.eclipse.jgit.feature.group
[2024-03-11 14:32:50] Requirement org.eclipse.equinox.p2.iu:org.eclipse.m2e.feature.feature.group
[2024-03-11 14:32:50] Requirement org.eclipse.equinox.p2.iu:org.eclipse.m2e.lemminx.feature.feature.group
[2024-03-11 14:32:50] Requirement org.eclipse.equinox.p2.iu:org.eclipse.m2e.logback.feature.feature.group
[2024-03-11 14:32:50] Requirement org.eclipse.equinox.p2.iu:org.eclipse.mylyn.commons.activity.feature.feature.group
[2024-03-11 14:32:50] Requirement org.eclipse.equinox.p2.iu:org.eclipse.mylyn.egit.feature.feature.group
[2024-03-11 14:32:50] Requirement org.eclipse.equinox.p2.iu:org.eclipse.mylyn.git.feature.feature.group
[2024-03-11 14:32:50] Requirement org.eclipse.equinox.p2.iu:org.eclipse.mylyn.github.feature.feature.group
[2024-03-11 14:32:50] Requirement org.eclipse.equinox.p2.iu:org.eclipse.mylyn.ide.feature.feature.group
[2024-03-11 14:32:50] Requirement org.eclipse.equinox.p2.iu:org.eclipse.mylyn.jdt.feature.feature.group
[2024-03-11 14:32:50] Requirement org.eclipse.equinox.p2.iu:org.eclipse.mylyn.jenkins.feature.feature.group
[2024-03-11 14:32:50] Requirement org.eclipse.equinox.p2.iu:org.eclipse.mylyn.reviews.feature.feature.group
[2024-03-11 14:32:50] Requirement org.eclipse.equinox.p2.iu:org.eclipse.mylyn.wikitext_feature.feature.group
[2024-03-11 14:32:50] Requirement org.eclipse.equinox.p2.iu:org.eclipse.tips.feature.feature.group
[2024-03-11 14:32:50] Requirement org.eclipse.equinox.p2.iu:org.eclipse.tm.terminal.feature.feature.group
[2024-03-11 14:32:50] Requirement org.eclipse.equinox.p2.iu:org.eclipse.wildwebdeveloper.xml.feature.feature.group
[2024-03-11 14:32:50] Requirement org.eclipse.equinox.p2.iu:org.eclipse.oomph.setup.feature.group
[2024-03-11 14:32:50] Repository https://download.eclipse.org/technology/epp/packages/2023-12/202312011200
[2024-03-11 14:32:50] Repository https://download.eclipse.org/releases/2023-12/202312061001
[2024-03-11 14:32:50] Repository https://download.eclipse.org/oomph/updates/milestone/latest
[2024-03-11 14:32:55] Calculating requirements and dependencies.
[2024-03-11 14:32:56] Computing prerequisite plan
[2024-03-11 14:33:01] Collecting 1 artifacts from https://download.eclipse.org/technology/epp/packages/2023-12/202312011200
[2024-03-11 14:33:01] Downloading epp.package.java.executable.cocoa.macosx.aarch64
[2024-03-11 14:33:03] Fetching epp.package.java.executable.cocoa.macosx.aarch64_4.30.0.20231201-1200 from https://download.eclipse.org/technology/epp/packages/2023-12/202312011200/binary/ (208.55kB)
[2024-03-11 14:33:05] Fetching epp.package.java.executable.cocoa.macosx.aarch64_4.30.0.20231201-1200 from https://download.eclipse.org/technology/epp/packages/2023-12/202312011200/binary/
[2024-03-11 14:33:06] Mirrored 1 artifacts from https://download.eclipse.org/technology/epp/packages/2023-12/202312011200/ at 42kb/s
[2024-03-11 14:33:06] Collected 1 artifacts for https://download.eclipse.org/technology/epp/packages/2023-12/202312011200 in 5.085s
[2024-03-11 14:33:06] Collecting 5 artifacts from https://download.eclipse.org/releases/2023-12/202312061001
[2024-03-11 14:33:07] Downloading org.eclipse.rcp_root
[2024-03-11 14:33:07] Downloading org.eclipse.platform_root
[2024-03-11 14:33:07] Downloading org.eclipse.equinox.launcher.cocoa.macosx.aarch64
[2024-03-11 14:33:07] Downloading org.eclipse.swt.cocoa.macosx.aarch64
[2024-03-11 14:33:07] Downloading org.eclipse.equinox.launcher.cocoa.macosx
[2024-03-11 14:33:07] Fetching org.eclipse.equinox.launcher.cocoa.macosx.aarch64_1.2.800.v20231003-1442.jar from https://mirror.kakao.com/eclipse/releases/2023-12/202312061001/plugins/ (41.12kB)
[2024-03-11 14:33:07] Fetching org.eclipse.equinox.launcher.cocoa.macosx_1.2.800.v20231003-1442.jar from https://ftp.yz.yamagata-u.ac.jp/pub/eclipse/releases/2023-12/202312061001/plugins/ (41.11kB)
[2024-03-11 14:33:07] Fetching org.eclipse.swt.cocoa.macosx.aarch64_3.124.200.v20231113-1355.jar from https://ftp.yz.yamagata-u.ac.jp/pub/eclipse//releases/2023-12/202312061001/plugins/ (2.16MB)
[2024-03-11 14:33:08] Fetching org.eclipse.swt.cocoa.macosx.aarch64_3.124.200.v20231113-1355.jar from https://ftp.yz.yamagata-u.ac.jp/pub/eclipse//releases/2023-12/202312061001/plugins/
[2024-03-11 14:33:44] Mirrored 1 artifacts from https://mirror.kakao.com/eclipse/releases/2023-12/202312061001/ at 483kb/s
[2024-03-11 14:33:44] Mirrored 1 artifacts from https://ftp.yz.yamagata-u.ac.jp/pub/eclipse//releases/2023-12/202312061001/ at 63kb/s
[2024-03-11 14:33:44] Mirrored 1 artifacts from https://ftp.yz.yamagata-u.ac.jp/pub/eclipse/releases/2023-12/202312061001/ at 63kb/s
[2024-03-11 14:33:44] Collected 5 artifacts for https://download.eclipse.org/releases/2023-12/202312061001 in 37.867s
[2024-03-11 14:33:44] Collecting 2 artifacts from https://download.eclipse.org/oomph/updates/milestone/latest
[2024-03-11 14:33:45] Downloading org.eclipse.oomph.setup.ui
[2024-03-11 14:33:45] Downloading org.eclipse.oomph.setup
[2024-03-11 14:33:45] Fetching org.eclipse.oomph.setup_1.31.0.v20240306-1109.jar from https://mirror.kakao.com/eclipse/oomph/drops/release/1.32.0/features/ (21.01kB)
[2024-03-11 14:33:46] Fetching org.eclipse.oomph.setup.ui_1.29.0.v20240306-1109.jar from https://ftp.yz.yamagata-u.ac.jp/pub/eclipse/oomph/drops/release/1.32.0/plugins/ (793.96kB)
[2024-03-11 14:33:47] Fetching org.eclipse.oomph.setup.ui_1.29.0.v20240306-1109.jar from https://ftp.yz.yamagata-u.ac.jp/pub/eclipse/oomph/drops/release/1.32.0/plugins/
[2024-03-11 14:34:05] Mirrored 1 artifacts from https://mirror.kakao.com/eclipse/oomph/drops/release/1.32.0/ at 321kb/s
[2024-03-11 14:34:05] Mirrored 1 artifacts from https://ftp.yz.yamagata-u.ac.jp/pub/eclipse/oomph/drops/release/1.32.0/ at 40kb/s
[2024-03-11 14:34:05] Collected 2 artifacts for https://download.eclipse.org/oomph/updates/milestone/latest in 21.19s
[2024-03-11 14:34:11] Installing a.jre.javase [21.0.0]
[2024-03-11 14:34:11] Installing bcpg [1.77.0]
[2024-03-11 14:34:11] Installing bcpkix [1.77.0]
[2024-03-11 14:34:11] Installing bcprov [1.77.0]
[2024-03-11 14:34:11] Installing bcutil [1.77.0]
[2024-03-11 14:34:11] Installing ch.qos.logback.classic [1.4.11]
[2024-03-11 14:34:11] Installing ch.qos.logback.core [1.4.11]
[2024-03-11 14:34:11] Installing com.google.gson [2.10.1.v20230109-0753]
[2024-03-11 14:34:11] Installing com.google.guava [32.1.3.jre]
[2024-03-11 14:34:11] Installing com.google.guava.failureaccess [1.0.2]
[2024-03-11 14:34:11] Installing com.googlecode.javaewah.JavaEWAH [1.2.3]
[2024-03-11 14:34:11] Installing com.ibm.icu [74.1.0]
[2024-03-11 14:34:11] Installing com.jcraft.jsch [0.1.55.v20230916-1400]
[2024-03-11 14:34:11] Installing com.mountainminds.eclemma.core [3.1.8.202311140945]
[2024-03-11 14:34:11] Installing com.sun.el.javax.el [3.0.4]
[2024-03-11 14:34:11] Installing com.sun.jna [5.13.0.v20230812-1000]
[2024-03-11 14:34:11] Installing com.sun.jna.platform [5.13.0]
[2024-03-11 14:34:11] Installing com.sun.xml.bind [2.3.3.v20221203-1659]
[2024-03-11 14:34:11] Installing configure.logback.classic [2.2.1.20231113-2319]
[2024-03-11 14:34:11] Installing epp.package.java [4.30.0.20231201-1200]
[2024-03-11 14:34:11] Installing epp.package.java.executable.cocoa.macosx.aarch64 [4.30.0.20231201-1200]
[2024-03-11 14:34:11] Installing epp.package.java.executable.cocoa.macosx.aarch64.eclipse [4.30.0.20231201-1200]
[2024-03-11 14:34:11] Installing jakarta.annotation-api [2.1.1]
[2024-03-11 14:34:11] Installing jakarta.inject.jakarta.inject-api [1.0.5]
[2024-03-11 14:34:11] Installing jakarta.xml.bind [2.3.3.v20201118-1818]
[2024-03-11 14:34:11] Installing javax.activation [1.2.2.v20221203-1659]
[2024-03-11 14:34:11] Installing javax.xml [1.3.4.v201005080400]
[2024-03-11 14:34:11] Installing jaxen [2.0.0]
[2024-03-11 14:34:11] Installing junit-jupiter-api [5.10.1]
[2024-03-11 14:34:11] Installing junit-jupiter-engine [5.10.1]
[2024-03-11 14:34:11] Installing junit-jupiter-migrationsupport [5.10.1]
[2024-03-11 14:34:11] Installing junit-jupiter-params [5.10.1]
[2024-03-11 14:34:11] Installing junit-platform-commons [1.10.1]
[2024-03-11 14:34:11] Installing junit-platform-engine [1.10.1]
[2024-03-11 14:34:11] Installing junit-platform-launcher [1.10.1]
[2024-03-11 14:34:11] Installing junit-platform-runner [1.10.1]
[2024-03-11 14:34:11] Installing junit-platform-suite-api [1.10.1]
[2024-03-11 14:34:11] Installing junit-platform-suite-commons [1.10.1]
[2024-03-11 14:34:11] Installing junit-platform-suite-engine [1.10.1]
[2024-03-11 14:34:11] Installing junit-vintage-engine [5.10.1]
[2024-03-11 14:34:11] Installing net.i2p.crypto.eddsa [0.3.0]
[2024-03-11 14:34:11] Installing org.apache.ant [1.10.14.v20230922-1200]
[2024-03-11 14:34:11] Installing org.apache.aries.spifly.dynamic.bundle [1.3.7]
[2024-03-11 14:34:11] Installing org.apache.batik.constants [1.17.0.v20231009-1000]
[2024-03-11 14:34:11] Installing org.apache.batik.css [1.17.0.v20231009-1000]
[2024-03-11 14:34:11] Installing org.apache.batik.i18n [1.17.0.v20231009-1000]
[2024-03-11 14:34:11] Installing org.apache.batik.util [1.17.0.v20231009-1000]
[2024-03-11 14:34:11] Installing org.apache.commons.cli [1.6.0]
[2024-03-11 14:34:11] Installing org.apache.commons.collections4 [4.4.0.v20221112-0806]
[2024-03-11 14:34:11] Installing org.apache.commons.commons-codec [1.16.0]
[2024-03-11 14:34:11] Installing org.apache.commons.commons-compress [1.25.0]
[2024-03-11 14:34:11] Installing org.apache.commons.commons-io [2.15.0]
[2024-03-11 14:34:11] Installing org.apache.commons.httpclient [3.1.0.v201012070820]
[2024-03-11 14:34:11] Installing org.apache.commons.jxpath [1.3.0.v200911051830]
[2024-03-11 14:34:11] Installing org.apache.commons.lang3 [3.13.0]
[2024-03-11 14:34:11] Installing org.apache.commons.logging [1.2.0.v20180409-1502]
[2024-03-11 14:34:11] Installing org.apache.felix.gogo.command [1.1.2]
[2024-03-11 14:34:11] Installing org.apache.felix.gogo.runtime [1.1.6]
[2024-03-11 14:34:11] Installing org.apache.felix.gogo.shell [1.1.4]
[2024-03-11 14:34:11] Installing org.apache.felix.scr [2.2.6]
[2024-03-11 14:34:11] Installing org.apache.httpcomponents.client5.httpclient5 [5.2.1.v20230802-0806]
[2024-03-11 14:34:11] Installing org.apache.httpcomponents.core5.httpcore5 [5.2.3.v20230922-1600]
[2024-03-11 14:34:11] Installing org.apache.httpcomponents.core5.httpcore5-h2 [5.2.3.v20230922-1600]
[2024-03-11 14:34:11] Installing org.apache.httpcomponents.httpclient [4.5.14]
[2024-03-11 14:34:11] Installing org.apache.httpcomponents.httpcore [4.4.16.v20221207-1049]
[2024-03-11 14:34:11] Installing org.apache.lucene.analysis-common [9.8.0.v20230929-1030]
[2024-03-11 14:34:11] Installing org.apache.lucene.analysis-smartcn [9.8.0.v20230929-1030]
[2024-03-11 14:34:11] Installing org.apache.lucene.core [9.8.0.v20230929-1030]
[2024-03-11 14:34:11] Installing org.apache.lucene.queries [9.8.0.v20230929-1030]
[2024-03-11 14:34:11] Installing org.apache.lucene.queryparser [9.8.0.v20230929-1030]
[2024-03-11 14:34:11] Installing org.apache.lucene.sandbox [9.8.0.v20230929-1030]
[2024-03-11 14:34:11] Installing org.apache.sshd.osgi [2.11.0]
[2024-03-11 14:34:11] Installing org.apache.sshd.sftp [2.11.0]
[2024-03-11 14:34:11] Installing org.apache.ws.commons.util [1.0.2.v20230723-0712]
[2024-03-11 14:34:11] Installing org.apache.xerces [2.12.2.v20230928-1306]
[2024-03-11 14:34:11] Installing org.apache.xml.resolver [1.2.0.v20230928-1222]
[2024-03-11 14:34:11] Installing org.apache.xmlgraphics [2.9.0.v20230916-1600]
[2024-03-11 14:34:11] Installing org.apache.xmlrpc.client [3.1.3.v20160817-1930]
[2024-03-11 14:34:11] Installing org.apache.xmlrpc.common [3.1.3.v20181004-1955]
[2024-03-11 14:34:11] Installing org.apiguardian.api [1.1.2]
[2024-03-11 14:34:11] Installing org.eclipse.ant.core [3.7.200.v20231102-0934]
[2024-03-11 14:34:11] Installing org.eclipse.ant.launching [1.4.200.v20231106-1112]
[2024-03-11 14:34:11] Installing org.eclipse.ant.ui [3.9.200.v20231106-1112]
[2024-03-11 14:34:11] Installing org.eclipse.buildship.branding [3.1.8.v20231117-1658]
[2024-03-11 14:34:11] Installing org.eclipse.buildship.compat [3.1.8.v20231117-1658]
[2024-03-11 14:34:11] Installing org.eclipse.buildship.core [3.1.8.v20231117-1658]
[2024-03-11 14:34:11] Installing org.eclipse.buildship.feature.group [3.1.8.v20231117-1658]
[2024-03-11 14:34:11] Installing org.eclipse.buildship.feature.jar [3.1.8.v20231117-1658]
[2024-03-11 14:34:11] Installing org.eclipse.buildship.ui [3.1.8.v20231117-1658]
[2024-03-11 14:34:11] Installing org.eclipse.cdt.core.macosx [11.4.0.202311271618]
[2024-03-11 14:34:11] Installing org.eclipse.cdt.core.native [6.3.200.202303140100]
[2024-03-11 14:34:11] Installing org.eclipse.compare [3.9.300.v20231123-2204]
[2024-03-11 14:34:11] Installing org.eclipse.compare.core [3.8.300.v20231106-1240]
[2024-03-11 14:34:11] Installing org.eclipse.core.commands [3.11.200.v20231108-1058]
[2024-03-11 14:34:11] Installing org.eclipse.core.contenttype [3.9.200.v20230914-0751]
[2024-03-11 14:34:11] Installing org.eclipse.core.databinding [1.13.100.v20230708-0916]
[2024-03-11 14:34:11] Installing org.eclipse.core.databinding.beans [1.10.100.v20230708-0916]
[2024-03-11 14:34:11] Installing org.eclipse.core.databinding.observable [1.13.100.v20230708-0916]
[2024-03-11 14:34:11] Installing org.eclipse.core.databinding.property [1.10.100.v20230708-0916]
[2024-03-11 14:34:11] Installing org.eclipse.core.expressions [3.9.200.v20230921-0857]
[2024-03-11 14:34:11] Installing org.eclipse.core.externaltools [1.3.200.v20230914-0751]
[2024-03-11 14:34:11] Installing org.eclipse.core.filebuffers [3.8.200.v20230921-0933]
[2024-03-11 14:34:11] Installing org.eclipse.core.filesystem [1.10.200.v20231102-0934]
[2024-03-11 14:34:11] Installing org.eclipse.core.filesystem.macosx [1.3.400.v20220812-1420]
[2024-03-11 14:34:11] Installing org.eclipse.core.jobs [3.15.100.v20230930-1207]
[2024-03-11 14:34:11] Installing org.eclipse.core.net [1.5.200.v20231106-1240]
[2024-03-11 14:34:11] Installing org.eclipse.core.resources [3.20.0.v20231102-0934]
[2024-03-11 14:34:11] Installing org.eclipse.core.runtime [3.30.0.v20231102-0719]
[2024-03-11 14:34:11] Installing org.eclipse.core.variables [3.6.200.v20230914-0751]
[2024-03-11 14:34:11] Installing org.eclipse.debug.core [3.21.200.v20231021-1513]
[2024-03-11 14:34:11] Installing org.eclipse.debug.ui [3.18.200.v20231106-1112]
[2024-03-11 14:34:11] Installing org.eclipse.debug.ui.launchview [1.1.300.v20231102-0934]
[2024-03-11 14:34:11] Installing org.eclipse.e4.core.commands [1.1.200.v20231108-1058]
[2024-03-11 14:34:11] Installing org.eclipse.e4.core.contexts [1.12.400.v20231103-2012]
[2024-03-11 14:34:11] Installing org.eclipse.e4.core.di [1.9.200.v20231105-0754]
[2024-03-11 14:34:11] Installing org.eclipse.e4.core.di.annotations [1.8.200.v20231103-2012]
[2024-03-11 14:34:11] Installing org.eclipse.e4.core.di.extensions [0.18.100.v20231103-2012]
[2024-03-11 14:34:11] Installing org.eclipse.e4.core.di.extensions.supplier [0.17.300.v20231028-1632]
[2024-03-11 14:34:11] Installing org.eclipse.e4.core.services [2.4.200.v20231103-2012]
[2024-03-11 14:34:11] Installing org.eclipse.e4.emf.xpath [0.4.100.v20230801-1255]
[2024-03-11 14:34:11] Installing org.eclipse.e4.rcp.feature.group [4.30.0.v20231113-1355]
[2024-03-11 14:34:11] Installing org.eclipse.e4.rcp.feature.jar [4.30.0.v20231113-1355]
[2024-03-11 14:34:11] Installing org.eclipse.e4.ui.bindings [0.14.200.v20231030-2045]
[2024-03-11 14:34:11] Installing org.eclipse.e4.ui.css.core [0.14.200.v20231025-0632]
[2024-03-11 14:34:11] Installing org.eclipse.e4.ui.css.swt [0.15.200.v20231025-0632]
[2024-03-11 14:34:11] Installing org.eclipse.e4.ui.css.swt.theme [0.14.200.v20230913-1724]
[2024-03-11 14:34:11] Installing org.eclipse.e4.ui.di [1.5.200.v20231030-2045]
[2024-03-11 14:34:11] Installing org.eclipse.e4.ui.dialogs [1.4.100.v20230727-0604]
[2024-03-11 14:34:11] Installing org.eclipse.e4.ui.ide [3.17.100.v20230727-0604]
[2024-03-11 14:34:11] Installing org.eclipse.e4.ui.model.workbench [2.4.100.v20230801-1255]
[2024-03-11 14:34:11] Installing org.eclipse.e4.ui.progress [0.4.200.v20231030-2045]
[2024-03-11 14:34:11] Installing org.eclipse.e4.ui.services [1.6.200.v20231030-2045]
[2024-03-11 14:34:11] Installing org.eclipse.e4.ui.widgets [1.4.0.v20230317-0802]
[2024-03-11 14:34:11] Installing org.eclipse.e4.ui.workbench [1.15.200.v20231030-2045]
[2024-03-11 14:34:11] Installing org.eclipse.e4.ui.workbench.addons.swt [1.5.200.v20231106-1600]
[2024-03-11 14:34:11] Installing org.eclipse.e4.ui.workbench.renderers.swt [0.16.200.v20231030-2045]
[2024-03-11 14:34:11] Installing org.eclipse.e4.ui.workbench.renderers.swt.cocoa [0.14.200.v20231030-2045]
[2024-03-11 14:34:11] Installing org.eclipse.e4.ui.workbench.swt [0.17.200.v20231030-2045]
[2024-03-11 14:34:11] Installing org.eclipse.e4.ui.workbench3 [0.17.200.v20231025-0632]
[2024-03-11 14:34:11] Installing org.eclipse.ecf [3.11.0.v20230507-1923]
[2024-03-11 14:34:11] Installing org.eclipse.ecf.core.feature.feature.group [1.6.2.v20231021-2127]
[2024-03-11 14:34:11] Installing org.eclipse.ecf.core.feature.feature.jar [1.6.2.v20231021-2127]
[2024-03-11 14:34:11] Installing org.eclipse.ecf.core.ssl.feature.feature.group [1.1.501.v20230507-1921]
[2024-03-11 14:34:11] Installing org.eclipse.ecf.core.ssl.feature.feature.jar [1.1.501.v20230507-1921]
[2024-03-11 14:34:11] Installing org.eclipse.ecf.discovery [5.2.0.v20231021-2050]
[2024-03-11 14:34:11] Installing org.eclipse.ecf.filetransfer [5.1.103.v20230705-0614]
[2024-03-11 14:34:11] Installing org.eclipse.ecf.filetransfer.feature.feature.group [3.14.1900.v20230715-1945]
[2024-03-11 14:34:11] Installing org.eclipse.ecf.filetransfer.feature.feature.jar [3.14.1900.v20230715-1945]
[2024-03-11 14:34:11] Installing org.eclipse.ecf.filetransfer.httpclient5.feature.feature.group [1.1.702.v20231114-1017]
[2024-03-11 14:34:11] Installing org.eclipse.ecf.filetransfer.httpclient5.feature.feature.jar [1.1.702.v20231114-1017]
[2024-03-11 14:34:11] Installing org.eclipse.ecf.filetransfer.httpclientjava.feature.feature.group [2.0.200.v20231114-1017]
[2024-03-11 14:34:11] Installing org.eclipse.ecf.filetransfer.httpclientjava.feature.feature.jar [2.0.200.v20231114-1017]
[2024-03-11 14:34:11] Installing org.eclipse.ecf.filetransfer.ssl.feature.feature.group [1.1.402.v20231021-2127]
[2024-03-11 14:34:11] Installing org.eclipse.ecf.filetransfer.ssl.feature.feature.jar [1.1.402.v20231021-2127]
[2024-03-11 14:34:11] Installing org.eclipse.ecf.identity [3.10.0.v20230422-0242]
[2024-03-11 14:34:11] Installing org.eclipse.ecf.provider.filetransfer [3.3.0.v20230422-0242]
[2024-03-11 14:34:11] Installing org.eclipse.ecf.provider.filetransfer.httpclient5 [1.1.0.v20230423-0417]
[2024-03-11 14:34:11] Installing org.eclipse.ecf.provider.filetransfer.httpclientjava [2.0.200.v20231114-1017]
[2024-03-11 14:34:11] Installing org.eclipse.ecf.provider.filetransfer.ssl [1.1.0.v20230422-0242]
[2024-03-11 14:34:11] Installing org.eclipse.ecf.provider.jmdns [4.4.0.v20231021-2050]
[2024-03-11 14:34:11] Installing org.eclipse.ecf.ssl [1.3.0.v20230507-1921]
[2024-03-11 14:34:11] Installing org.eclipse.eclemma.core [3.1.8.202311140945]
[2024-03-11 14:34:11] Installing org.eclipse.eclemma.doc [3.1.8.202311140945]
[2024-03-11 14:34:11] Installing org.eclipse.eclemma.feature.feature.group [3.1.8.202311140945]
[2024-03-11 14:34:11] Installing org.eclipse.eclemma.feature.feature.jar [3.1.8.202311140945]
[2024-03-11 14:34:11] Installing org.eclipse.eclemma.ui [3.1.8.202311140945]
[2024-03-11 14:34:11] Installing org.eclipse.egit [6.8.0.202311291450-r]
[2024-03-11 14:34:11] Installing org.eclipse.egit.core [6.8.0.202311291450-r]
[2024-03-11 14:34:11] Installing org.eclipse.egit.doc [6.8.0.202311291450-r]
[2024-03-11 14:34:11] Installing org.eclipse.egit.feature.group [6.8.0.202311291450-r]
[2024-03-11 14:34:11] Installing org.eclipse.egit.feature.jar [6.8.0.202311291450-r]
[2024-03-11 14:34:11] Installing org.eclipse.egit.github.core [6.1.0.202203080745-r]
[2024-03-11 14:34:11] Installing org.eclipse.egit.ui [6.8.0.202311291450-r]
[2024-03-11 14:34:11] Installing org.eclipse.emf.common [2.29.0.v20230916-0637]
[2024-03-11 14:34:11] Installing org.eclipse.emf.common.feature.group [2.30.0.v20230916-0637]
[2024-03-11 14:34:11] Installing org.eclipse.emf.common.feature.jar [2.30.0.v20230916-0637]
[2024-03-11 14:34:11] Installing org.eclipse.emf.common.ui [2.22.0.v20231002-1020]
[2024-03-11 14:34:11] Installing org.eclipse.emf.databinding [1.7.0.v20230211-1150]
[2024-03-11 14:34:11] Installing org.eclipse.emf.ecore [2.35.0.v20230829-0934]
[2024-03-11 14:34:11] Installing org.eclipse.emf.ecore.change [2.15.0.v20230211-1150]
[2024-03-11 14:34:11] Installing org.eclipse.emf.ecore.edit [2.14.0.v20230211-1150]
[2024-03-11 14:34:11] Installing org.eclipse.emf.ecore.feature.group [2.36.0.v20231002-1156]
[2024-03-11 14:34:11] Installing org.eclipse.emf.ecore.feature.jar [2.36.0.v20231002-1156]
[2024-03-11 14:34:11] Installing org.eclipse.emf.ecore.xmi [2.36.0.v20231002-1156]
[2024-03-11 14:34:11] Installing org.eclipse.emf.edit [2.20.0.v20231107-0612]
[2024-03-11 14:34:11] Installing org.eclipse.emf.edit.ui [2.23.0.v20230211-1150]
[2024-03-11 14:34:11] Installing org.eclipse.epp.mpc.core [1.10.2.v20231116-1812]
[2024-03-11 14:34:11] Installing org.eclipse.epp.mpc.feature.group [1.10.2.v20231116-1812]
[2024-03-11 14:34:11] Installing org.eclipse.epp.mpc.feature.jar [1.10.2.v20231116-1812]
[2024-03-11 14:34:11] Installing org.eclipse.epp.mpc.help.ui [1.10.2.v20231116-1812]
[2024-03-11 14:34:11] Installing org.eclipse.epp.mpc.ui [1.10.2.v20231116-1812]
[2024-03-11 14:34:11] Installing org.eclipse.epp.mpc.ui.css [1.10.2.v20231116-1812]
[2024-03-11 14:34:11] Installing org.eclipse.epp.package.common [4.30.0.20231201-1200]
[2024-03-11 14:34:11] Installing org.eclipse.epp.package.common.feature.feature.group [4.30.0.20231201-1200]
[2024-03-11 14:34:11] Installing org.eclipse.epp.package.common.feature.feature.jar [4.30.0.20231201-1200]
[2024-03-11 14:34:11] Installing org.eclipse.epp.package.java [4.30.0.20231201-1200]
[2024-03-11 14:34:11] Installing org.eclipse.epp.package.java.feature.feature.group [4.30.0.20231201-1200]
[2024-03-11 14:34:11] Installing org.eclipse.epp.package.java.feature.feature.jar [4.30.0.20231201-1200]
[2024-03-11 14:34:11] Installing org.eclipse.equinox.app [1.6.400.v20231103-0807]
[2024-03-11 14:34:11] Installing org.eclipse.equinox.bidi [1.4.400.v20231106-0858]
[2024-03-11 14:34:11] Installing org.eclipse.equinox.common [3.18.200.v20231106-1826]
[2024-03-11 14:34:11] Installing org.eclipse.equinox.concurrent [1.2.200.v20231103-0833]
[2024-03-11 14:34:11] Installing org.eclipse.equinox.console [1.4.600.v20231106-0859]
[2024-03-11 14:34:11] Installing org.eclipse.equinox.event [1.6.300.v20231012-1251]
[2024-03-11 14:34:11] Installing org.eclipse.equinox.frameworkadmin [2.3.0.v20230919-1457]
[2024-03-11 14:34:11] Installing org.eclipse.equinox.frameworkadmin.equinox [1.3.0.v20231106-1059]
[2024-03-11 14:34:11] Installing org.eclipse.equinox.http.jetty [3.9.0.v20231104-1114]
[2024-03-11 14:34:11] Installing org.eclipse.equinox.http.registry [1.3.400.v20231012-1210]
[2024-03-11 14:34:11] Installing org.eclipse.equinox.http.servlet [1.8.0.v20231018-1316]
[2024-03-11 14:34:11] Installing org.eclipse.equinox.jsp.jasper [1.1.800.v20231012-1238]
[2024-03-11 14:34:11] Installing org.eclipse.equinox.jsp.jasper.registry [1.2.200.v20231012-1239]
[2024-03-11 14:34:11] Installing org.eclipse.equinox.launcher [1.6.600.v20231106-1826]
[2024-03-11 14:34:11] Installing org.eclipse.equinox.launcher.cocoa.macosx [1.2.800.v20231003-1442]
[2024-03-11 14:34:11] Installing org.eclipse.equinox.launcher.cocoa.macosx.aarch64 [1.2.800.v20231003-1442]
[2024-03-11 14:34:11] Installing org.eclipse.equinox.p2.artifact.repository [1.5.200.v20231105-1139]
[2024-03-11 14:34:11] Installing org.eclipse.equinox.p2.console [1.3.200.v20230921-2011]
[2024-03-11 14:34:11] Installing org.eclipse.equinox.p2.core [2.10.200.v20231102-1258]
[2024-03-11 14:34:11] Installing org.eclipse.equinox.p2.core.feature.feature.group [1.7.0.v20231112-1314]
[2024-03-11 14:34:11] Installing org.eclipse.equinox.p2.core.feature.feature.jar [1.7.0.v20231112-1314]
[2024-03-11 14:34:11] Installing org.eclipse.equinox.p2.director [2.6.200.v20231021-1906]
[2024-03-11 14:34:11] Installing org.eclipse.equinox.p2.director.app [1.3.200.v20231103-0929]
[2024-03-11 14:34:11] Installing org.eclipse.equinox.p2.directorywatcher [1.4.200.v20230921-2011]
[2024-03-11 14:34:11] Installing org.eclipse.equinox.p2.discovery [1.3.100.v20230728-2010]
[2024-03-11 14:34:11] Installing org.eclipse.equinox.p2.discovery.compatibility [1.3.100.v20230728-2010]
[2024-03-11 14:34:11] Installing org.eclipse.equinox.p2.discovery.feature.feature.group [1.3.200.v20231104-1339]
[2024-03-11 14:34:11] Installing org.eclipse.equinox.p2.discovery.feature.feature.jar [1.3.200.v20231104-1339]
[2024-03-11 14:34:11] Installing org.eclipse.equinox.p2.engine [2.9.0.v20231105-1139]
[2024-03-11 14:34:11] Installing org.eclipse.equinox.p2.extensionlocation [1.5.200.v20230914-2056]
[2024-03-11 14:34:11] Installing org.eclipse.equinox.p2.extras.feature.feature.group [1.4.2200.v20231112-1314]
[2024-03-11 14:34:11] Installing org.eclipse.equinox.p2.extras.feature.feature.jar [1.4.2200.v20231112-1314]
[2024-03-11 14:34:11] Installing org.eclipse.equinox.p2.garbagecollector [1.3.100.v20230630-1506]
[2024-03-11 14:34:11] Installing org.eclipse.equinox.p2.jarprocessor [1.3.200.v20230630-1506]
[2024-03-11 14:34:11] Installing org.eclipse.equinox.p2.metadata [2.8.0.v20231102-1258]
[2024-03-11 14:34:11] Installing org.eclipse.equinox.p2.metadata.repository [1.5.200.v20231021-1438]
[2024-03-11 14:34:11] Installing org.eclipse.equinox.p2.operations [2.7.200.v20231105-1139]
[2024-03-11 14:34:11] Installing org.eclipse.equinox.p2.publisher [1.9.0.v20230921-2011]
[2024-03-11 14:34:11] Installing org.eclipse.equinox.p2.publisher.eclipse [1.5.200.v20231105-1123]
[2024-03-11 14:34:11] Installing org.eclipse.equinox.p2.rcp.feature.feature.group [1.4.2200.v20231112-1314]
[2024-03-11 14:34:11] Installing org.eclipse.equinox.p2.rcp.feature.feature.jar [1.4.2200.v20231112-1314]
[2024-03-11 14:34:11] Installing org.eclipse.equinox.p2.reconciler.dropins [1.5.200.v20230921-2011]
[2024-03-11 14:34:11] Installing org.eclipse.equinox.p2.repository [2.8.0.v20231111-1058]
[2024-03-11 14:34:11] Installing org.eclipse.equinox.p2.repository.tools [2.4.200.v20231021-1906]
[2024-03-11 14:34:11] Installing org.eclipse.equinox.p2.touchpoint.eclipse [2.4.100.v20230630-1506]
[2024-03-11 14:34:11] Installing org.eclipse.equinox.p2.touchpoint.natives [1.5.100.v20230630-1506]
[2024-03-11 14:34:11] Installing org.eclipse.equinox.p2.transport.ecf [1.4.100.v20230630-1506]
[2024-03-11 14:34:11] Installing org.eclipse.equinox.p2.ui [2.8.200.v20231105-1139]
[2024-03-11 14:34:11] Installing org.eclipse.equinox.p2.ui.discovery [1.3.100.v20230718-0609]
[2024-03-11 14:34:11] Installing org.eclipse.equinox.p2.ui.importexport [1.4.200.v20231105-1139]
[2024-03-11 14:34:11] Installing org.eclipse.equinox.p2.ui.sdk [1.3.200.v20230921-0854]
[2024-03-11 14:34:11] Installing org.eclipse.equinox.p2.ui.sdk.scheduler [1.6.100.v20230630-1506]
[2024-03-11 14:34:11] Installing org.eclipse.equinox.p2.updatechecker [1.4.100.v20230630-1506]
[2024-03-11 14:34:11] Installing org.eclipse.equinox.p2.updatesite [1.3.200.v20231008-1114]
[2024-03-11 14:34:11] Installing org.eclipse.equinox.p2.user.ui.feature.group [2.4.2200.v20231112-1314]
[2024-03-11 14:34:11] Installing org.eclipse.equinox.p2.user.ui.feature.jar [2.4.2200.v20231112-1314]
[2024-03-11 14:34:11] Installing org.eclipse.equinox.preferences [3.10.400.v20231102-2218]
[2024-03-11 14:34:11] Installing org.eclipse.equinox.registry [3.11.400.v20231102-2218]
[2024-03-11 14:34:11] Installing org.eclipse.equinox.security [1.4.100.v20231012-1825]
[2024-03-11 14:34:11] Installing org.eclipse.equinox.security.macosx [1.102.100.v20231012-1230]
[2024-03-11 14:34:11] Installing org.eclipse.equinox.security.ui [1.4.100.v20231103-0809]
[2024-03-11 14:34:11] Installing org.eclipse.equinox.simpleconfigurator [1.5.0.v20230919-1457]
[2024-03-11 14:34:11] Installing org.eclipse.equinox.simpleconfigurator.manipulator [2.3.0.v20230919-1457]
[2024-03-11 14:34:11] Installing org.eclipse.help [3.10.200.v20231106-1240]
[2024-03-11 14:34:11] Installing org.eclipse.help.base [4.4.200.v20231201-0110]
[2024-03-11 14:34:11] Installing org.eclipse.help.feature.group [2.3.1600.v20231201-0110]
[2024-03-11 14:34:11] Installing org.eclipse.help.feature.jar [2.3.1600.v20231201-0110]
[2024-03-11 14:34:11] Installing org.eclipse.help.ui [4.6.100.v20231106-1240]
[2024-03-11 14:34:11] Installing org.eclipse.help.webapp [3.11.200.v20231108-0716]
[2024-03-11 14:34:11] Installing org.eclipse.jdt [3.19.300.v20231201-0110]
[2024-03-11 14:34:11] Installing org.eclipse.jdt.annotation [2.2.800.v20231029-1039]
[2024-03-11 14:34:11] Installing org.eclipse.jdt.apt.core [3.8.200.v20231108-0715]
[2024-03-11 14:34:11] Installing org.eclipse.jdt.apt.pluggable.core [1.4.200.v20231108-0715]
[2024-03-11 14:34:11] Installing org.eclipse.jdt.apt.ui [3.8.200.v20231108-0715]
[2024-03-11 14:34:11] Installing org.eclipse.jdt.bcoview [1.2.200.v20231106-1537]
[2024-03-11 14:34:11] Installing org.eclipse.jdt.bcoview.feature.feature.group [1.2.200.v20231106-1537]
[2024-03-11 14:34:11] Installing org.eclipse.jdt.bcoview.feature.feature.jar [1.2.200.v20231106-1537]
[2024-03-11 14:34:11] Installing org.eclipse.jdt.core [3.36.0.v20231115-1055]
[2024-03-11 14:34:11] Installing org.eclipse.jdt.core.compiler.batch [3.36.0.v20231114-0937]
[2024-03-11 14:34:11] Installing org.eclipse.jdt.core.formatterapp [1.2.100.v20231103-1659]
[2024-03-11 14:34:11] Installing org.eclipse.jdt.core.manipulation [1.20.0.v20231115-2128]
[2024-03-11 14:34:11] Installing org.eclipse.jdt.debug [3.21.200.v20231103-0755]
[2024-03-11 14:34:11] Installing org.eclipse.jdt.debug.ui [3.13.200.v20231030-0728]
[2024-03-11 14:34:11] Installing org.eclipse.jdt.doc.user [3.15.2000.v20231123-1047]
[2024-03-11 14:34:11] Installing org.eclipse.jdt.feature.group [3.19.300.v20231201-0110]
[2024-03-11 14:34:11] Installing org.eclipse.jdt.feature.jar [3.19.300.v20231201-0110]
[2024-03-11 14:34:11] Installing org.eclipse.jdt.junit [3.16.200.v20231106-1537]
[2024-03-11 14:34:11] Installing org.eclipse.jdt.junit.core [3.13.0.v20231102-1522]
[2024-03-11 14:34:11] Installing org.eclipse.jdt.junit.runtime [3.7.300.v20231106-1537]
[2024-03-11 14:34:11] Installing org.eclipse.jdt.junit4.runtime [1.3.0.v20220609-1843]
[2024-03-11 14:34:11] Installing org.eclipse.jdt.junit5.runtime [1.1.200.v20231102-1522]
[2024-03-11 14:34:11] Installing org.eclipse.jdt.launching [3.21.0.v20231103-0759]
[2024-03-11 14:34:11] Installing org.eclipse.jdt.launching.macosx [3.6.100.v20230630-1429]
[2024-03-11 14:34:11] Installing org.eclipse.jdt.launching.ui.macosx [1.4.100.v20230630-1429]
[2024-03-11 14:34:11] Installing org.eclipse.jdt.ui [3.31.0.v20231115-2128]
[2024-03-11 14:34:11] Installing org.eclipse.jetty.ee8.security [12.0.3]
[2024-03-11 14:34:11] Installing org.eclipse.jetty.ee8.server [12.0.3]
[2024-03-11 14:34:11] Installing org.eclipse.jetty.ee8.servlet [12.0.3]
[2024-03-11 14:34:11] Installing org.eclipse.jetty.http [12.0.3]
[2024-03-11 14:34:11] Installing org.eclipse.jetty.io [12.0.3]
[2024-03-11 14:34:11] Installing org.eclipse.jetty.security [12.0.3]
[2024-03-11 14:34:11] Installing org.eclipse.jetty.server [12.0.3]
[2024-03-11 14:34:11] Installing org.eclipse.jetty.servlet-api [4.0.6]
[2024-03-11 14:34:11] Installing org.eclipse.jetty.session [12.0.3]
[2024-03-11 14:34:11] Installing org.eclipse.jetty.util [12.0.3]
[2024-03-11 14:34:11] Installing org.eclipse.jface [3.32.0.v20231107-0834]
[2024-03-11 14:34:11] Installing org.eclipse.jface.databinding [1.15.100.v20230708-0916]
[2024-03-11 14:34:11] Installing org.eclipse.jface.notifications [0.7.0.v20231017-1913]
[2024-03-11 14:34:11] Installing org.eclipse.jface.text [3.24.200.v20231024-0828]
[2024-03-11 14:34:11] Installing org.eclipse.jgit [6.8.0.202311291450-r]
[2024-03-11 14:34:11] Installing org.eclipse.jgit.archive [6.8.0.202311291450-r]
[2024-03-11 14:34:11] Installing org.eclipse.jgit.feature.group [6.8.0.202311291450-r]
[2024-03-11 14:34:11] Installing org.eclipse.jgit.feature.jar [6.8.0.202311291450-r]
[2024-03-11 14:34:11] Installing org.eclipse.jgit.gpg.bc [6.8.0.202311291450-r]
[2024-03-11 14:34:11] Installing org.eclipse.jgit.gpg.bc.feature.group [6.8.0.202311291450-r]
[2024-03-11 14:34:11] Installing org.eclipse.jgit.gpg.bc.feature.jar [6.8.0.202311291450-r]
[2024-03-11 14:34:11] Installing org.eclipse.jgit.http.apache [6.8.0.202311291450-r]
[2024-03-11 14:34:11] Installing org.eclipse.jgit.http.apache.feature.group [6.8.0.202311291450-r]
[2024-03-11 14:34:11] Installing org.eclipse.jgit.http.apache.feature.jar [6.8.0.202311291450-r]
[2024-03-11 14:34:11] Installing org.eclipse.jgit.ssh.apache [6.8.0.202311291450-r]
[2024-03-11 14:34:11] Installing org.eclipse.jgit.ssh.apache.agent [6.8.0.202311291450-r]
[2024-03-11 14:34:11] Installing org.eclipse.jgit.ssh.apache.feature.group [6.8.0.202311291450-r]
[2024-03-11 14:34:11] Installing org.eclipse.jgit.ssh.apache.feature.jar [6.8.0.202311291450-r]
[2024-03-11 14:34:11] Installing org.eclipse.jsch.core [1.5.200.v20231106-1240]
[2024-03-11 14:34:11] Installing org.eclipse.jsch.ui [1.5.200.v20231106-1240]
[2024-03-11 14:34:11] Installing org.eclipse.lsp4e [0.18.1.202311121506]
[2024-03-11 14:34:11] Installing org.eclipse.lsp4j [0.21.1.v20230829-0012]
[2024-03-11 14:34:11] Installing org.eclipse.lsp4j.jsonrpc [0.21.1.v20230829-0012]
[2024-03-11 14:34:11] Installing org.eclipse.ltk.core.refactoring [3.14.200.v20231106-1218]
[2024-03-11 14:34:11] Installing org.eclipse.ltk.ui.refactoring [3.13.200.v20231006-1610]
[2024-03-11 14:34:11] Installing org.eclipse.m2e.apt.core [2.2.200.20231119-0901]
[2024-03-11 14:34:11] Installing org.eclipse.m2e.apt.ui [2.0.401.20231030-1438]
[2024-03-11 14:34:11] Installing org.eclipse.m2e.archetype.catalog [3.2.1.2]
[2024-03-11 14:34:11] Installing org.eclipse.m2e.archetype.common [3.2.104]
[2024-03-11 14:34:11] Installing org.eclipse.m2e.archetype.descriptor [3.2.1.2]
[2024-03-11 14:34:11] Installing org.eclipse.m2e.archetype.maven-artifact-transfer [0.13.1.2]
[2024-03-11 14:34:11] Installing org.eclipse.m2e.binaryproject [2.1.202.20231119-0901]
[2024-03-11 14:34:11] Installing org.eclipse.m2e.binaryproject.ui [2.0.200.20231030-1438]
[2024-03-11 14:34:11] Installing org.eclipse.m2e.core [2.4.1.20231119-0901]
[2024-03-11 14:34:11] Installing org.eclipse.m2e.core.ui [2.0.7.20231119-0901]
[2024-03-11 14:34:11] Installing org.eclipse.m2e.discovery [2.0.201.20231030-1438]
[2024-03-11 14:34:11] Installing org.eclipse.m2e.editor [2.0.302.20231119-0901]
[2024-03-11 14:34:11] Installing org.eclipse.m2e.editor.lemminx [2.0.5.20231113-2319]
[2024-03-11 14:34:11] Installing org.eclipse.m2e.feature.feature.group [2.4.200.20231119-0901]
[2024-03-11 14:34:11] Installing org.eclipse.m2e.feature.feature.jar [2.4.200.20231119-0901]
[2024-03-11 14:34:11] Installing org.eclipse.m2e.jdt [2.3.3.20231119-0901]
[2024-03-11 14:34:11] Installing org.eclipse.m2e.jdt.ui [2.0.400.20231030-1438]
[2024-03-11 14:34:11] Installing org.eclipse.m2e.launching [2.0.601.20231119-0901]
[2024-03-11 14:34:11] Installing org.eclipse.m2e.lemminx.feature.feature.group [2.0.6.20231113-2319]
[2024-03-11 14:34:11] Installing org.eclipse.m2e.lemminx.feature.feature.jar [2.0.6.20231113-2319]
[2024-03-11 14:34:11] Installing org.eclipse.m2e.logback [2.2.1.20231030-1438]
[2024-03-11 14:34:11] Installing org.eclipse.m2e.logback.feature.feature.group [2.2.1.20231113-2319]
[2024-03-11 14:34:11] Installing org.eclipse.m2e.logback.feature.feature.jar [2.2.1.20231113-2319]
[2024-03-11 14:34:11] Installing org.eclipse.m2e.maven.runtime [3.9.500.20231113-2345]
[2024-03-11 14:34:11] Installing org.eclipse.m2e.mavenarchiver [2.0.401.20231119-0901]
[2024-03-11 14:34:11] Installing org.eclipse.m2e.model.edit [2.0.400.20231030-1438]
[2024-03-11 14:34:11] Installing org.eclipse.m2e.profiles.core [2.1.201.20231030-1438]
[2024-03-11 14:34:11] Installing org.eclipse.m2e.profiles.ui [2.0.301.20231030-1438]
[2024-03-11 14:34:11] Installing org.eclipse.m2e.refactoring [2.0.302.20231108-0009]
[2024-03-11 14:34:11] Installing org.eclipse.m2e.scm [2.0.201.20231030-1438]
[2024-03-11 14:34:11] Installing org.eclipse.m2e.sourcelookup [2.0.301.20231030-1438]
[2024-03-11 14:34:11] Installing org.eclipse.m2e.sourcelookup.ui [2.0.400.20231030-1438]
[2024-03-11 14:34:11] Installing org.eclipse.m2e.workspace.cli [0.3.1]
[2024-03-11 14:34:11] Installing org.eclipse.mylyn.builds.core [4.1.0.v20231009-0014]
[2024-03-11 14:34:11] Installing org.eclipse.mylyn.builds.feature.feature.group [4.1.0.v20231009-0014]
[2024-03-11 14:34:11] Installing org.eclipse.mylyn.builds.feature.feature.jar [4.1.0.v20231009-0014]
[2024-03-11 14:34:11] Installing org.eclipse.mylyn.builds.ui [4.1.0.v20231009-0014]
[2024-03-11 14:34:11] Installing org.eclipse.mylyn.commons.activity.feature.feature.group [4.1.0.v20231009-0014]
[2024-03-11 14:34:11] Installing org.eclipse.mylyn.commons.activity.feature.feature.jar [4.1.0.v20231009-0014]
[2024-03-11 14:34:11] Installing org.eclipse.mylyn.commons.activity.ui [4.1.0.v20231009-0014]
[2024-03-11 14:34:11] Installing org.eclipse.mylyn.commons.core [4.1.0.v20231102-1432]
[2024-03-11 14:34:11] Installing org.eclipse.mylyn.commons.feature.feature.group [4.1.0.v20231125-1125]
[2024-03-11 14:34:11] Installing org.eclipse.mylyn.commons.feature.feature.jar [4.1.0.v20231125-1125]
[2024-03-11 14:34:11] Installing org.eclipse.mylyn.commons.identity.core [4.1.0.v20231009-0014]
[2024-03-11 14:34:11] Installing org.eclipse.mylyn.commons.identity.feature.feature.group [4.1.0.v20231009-0014]
[2024-03-11 14:34:11] Installing org.eclipse.mylyn.commons.identity.feature.feature.jar [4.1.0.v20231009-0014]
[2024-03-11 14:34:11] Installing org.eclipse.mylyn.commons.identity.ui [4.1.0.v20231009-0014]
[2024-03-11 14:34:11] Installing org.eclipse.mylyn.commons.net [4.1.0.v20231125-1125]
[2024-03-11 14:34:11] Installing org.eclipse.mylyn.commons.notifications.core [4.1.0.v20231009-0014]
[2024-03-11 14:34:11] Installing org.eclipse.mylyn.commons.notifications.feature.feature.group [4.1.0.v20231009-0014]
[2024-03-11 14:34:11] Installing org.eclipse.mylyn.commons.notifications.feature.feature.jar [4.1.0.v20231009-0014]
[2024-03-11 14:34:11] Installing org.eclipse.mylyn.commons.notifications.feed [4.1.0.v20231009-0014]
[2024-03-11 14:34:11] Installing org.eclipse.mylyn.commons.notifications.ui [4.1.0.v20231009-0014]
[2024-03-11 14:34:11] Installing org.eclipse.mylyn.commons.repositories.core [4.1.0.v20231009-0014]
[2024-03-11 14:34:11] Installing org.eclipse.mylyn.commons.repositories.feature.feature.group [4.1.0.v20231125-1125]
[2024-03-11 14:34:11] Installing org.eclipse.mylyn.commons.repositories.feature.feature.jar [4.1.0.v20231125-1125]
[2024-03-11 14:34:11] Installing org.eclipse.mylyn.commons.repositories.http.core [4.1.0.v20231009-0014]
[2024-03-11 14:34:11] Installing org.eclipse.mylyn.commons.repositories.ui [4.1.0.v20231009-0014]
[2024-03-11 14:34:11] Installing org.eclipse.mylyn.commons.screenshots [4.1.0.v20231009-0014]
[2024-03-11 14:34:11] Installing org.eclipse.mylyn.commons.ui [4.1.0.v20231125-1125]
[2024-03-11 14:34:11] Installing org.eclipse.mylyn.commons.workbench [4.1.0.v20231009-0014]
[2024-03-11 14:34:11] Installing org.eclipse.mylyn.commons.xmlrpc [4.1.0.v20231009-0014]
[2024-03-11 14:34:11] Installing org.eclipse.mylyn.context.core [4.1.0.v20231009-0014]
[2024-03-11 14:34:11] Installing org.eclipse.mylyn.context.feature.feature.group [4.1.0.v20231102-0301]
[2024-03-11 14:34:11] Installing org.eclipse.mylyn.context.feature.feature.jar [4.1.0.v20231102-0301]
[2024-03-11 14:34:11] Installing org.eclipse.mylyn.context.tasks.ui [4.1.0.v20231102-0301]
[2024-03-11 14:34:11] Installing org.eclipse.mylyn.context.ui [4.1.0.v20231009-0014]
[2024-03-11 14:34:11] Installing org.eclipse.mylyn.debug.ui [4.1.0.v20231009-0014]
[2024-03-11 14:34:11] Installing org.eclipse.mylyn.egit.feature.feature.group [4.1.0.v20231009-0014]
[2024-03-11 14:34:11] Installing org.eclipse.mylyn.egit.feature.feature.jar [4.1.0.v20231009-0014]
[2024-03-11 14:34:11] Installing org.eclipse.mylyn.egit.ui [4.1.0.v20231009-0014]
[2024-03-11 14:34:11] Installing org.eclipse.mylyn.git.core [4.1.0.v20231102-0301]
[2024-03-11 14:34:11] Installing org.eclipse.mylyn.git.feature.feature.group [4.1.0.v20231125-1125]
[2024-03-11 14:34:11] Installing org.eclipse.mylyn.git.feature.feature.jar [4.1.0.v20231125-1125]
[2024-03-11 14:34:11] Installing org.eclipse.mylyn.git.ui [4.1.0.v20231125-1125]
[2024-03-11 14:34:11] Installing org.eclipse.mylyn.github.core [6.4.0.v20231102-0301]
[2024-03-11 14:34:11] Installing org.eclipse.mylyn.github.doc [6.4.0.v20230921-1242]
[2024-03-11 14:34:11] Installing org.eclipse.mylyn.github.feature.feature.group [6.4.0.v20231125-1125]
[2024-03-11 14:34:11] Installing org.eclipse.mylyn.github.feature.feature.jar [6.4.0.v20231125-1125]
[2024-03-11 14:34:11] Installing org.eclipse.mylyn.github.ui [6.4.0.v20231125-1125]
[2024-03-11 14:34:11] Installing org.eclipse.mylyn.help.ui [4.1.0.v20231009-0014]
[2024-03-11 14:34:11] Installing org.eclipse.mylyn.ide.ant [4.1.0.v20231009-0014]
[2024-03-11 14:34:11] Installing org.eclipse.mylyn.ide.feature.feature.group [4.1.0.v20231009-0014]
[2024-03-11 14:34:11] Installing org.eclipse.mylyn.ide.feature.feature.jar [4.1.0.v20231009-0014]
[2024-03-11 14:34:11] Installing org.eclipse.mylyn.ide.ui [4.1.0.v20231009-0014]
[2024-03-11 14:34:11] Installing org.eclipse.mylyn.java.tasks [4.1.0.v20231009-0014]
[2024-03-11 14:34:11] Installing org.eclipse.mylyn.java.ui [4.1.0.v20231009-0014]
[2024-03-11 14:34:11] Installing org.eclipse.mylyn.jdt.feature.feature.group [4.1.0.v20231009-0014]
[2024-03-11 14:34:11] Installing org.eclipse.mylyn.jdt.feature.feature.jar [4.1.0.v20231009-0014]
[2024-03-11 14:34:11] Installing org.eclipse.mylyn.jenkins.core [4.1.0.v20231009-0014]
[2024-03-11 14:34:11] Installing org.eclipse.mylyn.jenkins.feature.feature.group [4.1.0.v20231009-0014]
[2024-03-11 14:34:11] Installing org.eclipse.mylyn.jenkins.feature.feature.jar [4.1.0.v20231009-0014]
[2024-03-11 14:34:11] Installing org.eclipse.mylyn.jenkins.ui [4.1.0.v20231009-0014]
[2024-03-11 14:34:11] Installing org.eclipse.mylyn.monitor.core [4.1.0.v20231009-0014]
[2024-03-11 14:34:11] Installing org.eclipse.mylyn.monitor.feature.feature.group [4.1.0.v20231009-0014]
[2024-03-11 14:34:11] Installing org.eclipse.mylyn.monitor.feature.feature.jar [4.1.0.v20231009-0014]
[2024-03-11 14:34:11] Installing org.eclipse.mylyn.monitor.ui [4.1.0.v20231009-0014]
[2024-03-11 14:34:11] Installing org.eclipse.mylyn.resources.ui [4.1.0.v20231009-0014]
[2024-03-11 14:34:11] Installing org.eclipse.mylyn.reviews.core [4.1.0.v20231125-1125]
[2024-03-11 14:34:11] Installing org.eclipse.mylyn.reviews.edit [4.1.0.v20231125-1125]
[2024-03-11 14:34:11] Installing org.eclipse.mylyn.reviews.feature.feature.group [4.1.0.v20231125-1125]
[2024-03-11 14:34:11] Installing org.eclipse.mylyn.reviews.feature.feature.jar [4.1.0.v20231125-1125]
[2024-03-11 14:34:11] Installing org.eclipse.mylyn.reviews.ui [4.1.0.v20231125-1125]
[2024-03-11 14:34:11] Installing org.eclipse.mylyn.tasks.activity.core [4.1.0.v20231009-0014]
[2024-03-11 14:34:11] Installing org.eclipse.mylyn.tasks.activity.ui [4.1.0.v20231009-0014]
[2024-03-11 14:34:11] Installing org.eclipse.mylyn.tasks.bugs [4.1.0.v20231009-0014]
[2024-03-11 14:34:11] Installing org.eclipse.mylyn.tasks.core [4.1.0.v20231102-0301]
[2024-03-11 14:34:11] Installing org.eclipse.mylyn.tasks.feature.feature.group [4.1.0.v20231125-1125]
[2024-03-11 14:34:11] Installing org.eclipse.mylyn.tasks.feature.feature.jar [4.1.0.v20231125-1125]
[2024-03-11 14:34:11] Installing org.eclipse.mylyn.tasks.index.core [4.1.0.v20231009-0014]
[2024-03-11 14:34:11] Installing org.eclipse.mylyn.tasks.index.ui [4.1.0.v20231009-0014]
[2024-03-11 14:34:11] Installing org.eclipse.mylyn.tasks.search [4.1.0.v20231009-0014]
[2024-03-11 14:34:11] Installing org.eclipse.mylyn.tasks.ui [4.1.0.v20231125-1125]
[2024-03-11 14:34:11] Installing org.eclipse.mylyn.team.feature.feature.group [4.1.0.v20231009-0014]
[2024-03-11 14:34:11] Installing org.eclipse.mylyn.team.feature.feature.jar [4.1.0.v20231009-0014]
[2024-03-11 14:34:11] Installing org.eclipse.mylyn.team.ui [4.1.0.v20231009-0014]
[2024-03-11 14:34:11] Installing org.eclipse.mylyn.versions.core [4.1.0.v20231009-0014]
[2024-03-11 14:34:11] Installing org.eclipse.mylyn.versions.feature.feature.group [4.1.0.v20231009-0014]
[2024-03-11 14:34:11] Installing org.eclipse.mylyn.versions.feature.feature.jar [4.1.0.v20231009-0014]
[2024-03-11 14:34:11] Installing org.eclipse.mylyn.versions.ui [4.1.0.v20231009-0014]
[2024-03-11 14:34:11] Installing org.eclipse.mylyn.wikitext [3.0.48.202308291007]
[2024-03-11 14:34:11] Installing org.eclipse.mylyn.wikitext.ant [3.0.48.202308291007]
[2024-03-11 14:34:11] Installing org.eclipse.mylyn.wikitext.asciidoc [3.0.48.202308291007]
[2024-03-11 14:34:11] Installing org.eclipse.mylyn.wikitext.asciidoc.ui [3.0.48.202308291007]
[2024-03-11 14:34:11] Installing org.eclipse.mylyn.wikitext.confluence [3.0.48.202308291007]
[2024-03-11 14:34:11] Installing org.eclipse.mylyn.wikitext.confluence.ui [3.0.48.202308291007]
[2024-03-11 14:34:11] Installing org.eclipse.mylyn.wikitext.editors_feature.feature.group [3.0.48.202308291007]
[2024-03-11 14:34:11] Installing org.eclipse.mylyn.wikitext.editors_feature.feature.jar [3.0.48.202308291007]
[2024-03-11 14:34:11] Installing org.eclipse.mylyn.wikitext.help.ui [3.0.48.202308291007]
[2024-03-11 14:34:11] Installing org.eclipse.mylyn.wikitext.html [3.0.48.202308291007]
[2024-03-11 14:34:11] Installing org.eclipse.mylyn.wikitext.markdown [3.0.48.202308291007]
[2024-03-11 14:34:11] Installing org.eclipse.mylyn.wikitext.markdown.ui [3.0.48.202308291007]
[2024-03-11 14:34:11] Installing org.eclipse.mylyn.wikitext.mediawiki [3.0.48.202308291007]
[2024-03-11 14:34:11] Installing org.eclipse.mylyn.wikitext.mediawiki.ui [3.0.48.202308291007]
[2024-03-11 14:34:11] Installing org.eclipse.mylyn.wikitext.osgi [3.0.48.202308291007]
[2024-03-11 14:34:11] Installing org.eclipse.mylyn.wikitext.textile [3.0.48.202308291007]
[2024-03-11 14:34:11] Installing org.eclipse.mylyn.wikitext.textile.ui [3.0.48.202308291007]
[2024-03-11 14:34:11] Installing org.eclipse.mylyn.wikitext.tracwiki [3.0.48.202308291007]
[2024-03-11 14:34:11] Installing org.eclipse.mylyn.wikitext.tracwiki.ui [3.0.48.202308291007]
[2024-03-11 14:34:11] Installing org.eclipse.mylyn.wikitext.twiki [3.0.48.202308291007]
[2024-03-11 14:34:11] Installing org.eclipse.mylyn.wikitext.twiki.ui [3.0.48.202308291007]
[2024-03-11 14:34:11] Installing org.eclipse.mylyn.wikitext.ui [3.0.48.202308291007]
[2024-03-11 14:34:11] Installing org.eclipse.mylyn.wikitext_feature.feature.group [3.0.48.202308291007]
[2024-03-11 14:34:11] Installing org.eclipse.mylyn.wikitext_feature.feature.jar [3.0.48.202308291007]
[2024-03-11 14:34:11] Installing org.eclipse.nebula.cwt [1.1.0.202303072132]
[2024-03-11 14:34:11] Installing org.eclipse.nebula.widgets.cdatetime [1.5.0.202303072132]
[2024-03-11 14:34:11] Installing org.eclipse.nebula.widgets.tablecombo [1.2.0.202402110801]
[2024-03-11 14:34:11] Installing org.eclipse.oomph.base [1.18.0.v20230617-1322]
[2024-03-11 14:34:11] Installing org.eclipse.oomph.base.edit [1.17.0.v20230617-1322]
[2024-03-11 14:34:11] Installing org.eclipse.oomph.extractor.lib [1.9.0.v20220421-1218]
[2024-03-11 14:34:11] Installing org.eclipse.oomph.jreinfo [1.18.0.v20230817-0718]
[2024-03-11 14:34:11] Installing org.eclipse.oomph.jreinfo.ui [1.15.0.v20220520-1242]
[2024-03-11 14:34:11] Installing org.eclipse.oomph.p2 [1.17.0.v20230617-1322]
[2024-03-11 14:34:11] Installing org.eclipse.oomph.p2.core [1.28.0.v20240120-1356]
[2024-03-11 14:34:11] Installing org.eclipse.oomph.p2.doc [1.14.0.v20230625-0755]
[2024-03-11 14:34:11] Installing org.eclipse.oomph.p2.edit [1.17.0.v20230204-0932]
[2024-03-11 14:34:11] Installing org.eclipse.oomph.p2.feature.group [1.29.0.v20240120-1356]
[2024-03-11 14:34:11] Installing org.eclipse.oomph.p2.feature.jar [1.29.0.v20240120-1356]
[2024-03-11 14:34:11] Installing org.eclipse.oomph.p2.ui [1.21.0.v20230828-1517]
[2024-03-11 14:34:11] Installing org.eclipse.oomph.predicates [1.17.0.v20230617-1322]
[2024-03-11 14:34:11] Installing org.eclipse.oomph.predicates.edit [1.15.0.v20230416-0642]
[2024-03-11 14:34:11] Installing org.eclipse.oomph.preferences [1.14.0.v20230617-1322]
[2024-03-11 14:34:11] Installing org.eclipse.oomph.resources [1.20.0.v20240130-1324]
[2024-03-11 14:34:11] Installing org.eclipse.oomph.resources.edit [1.14.0.v20240130-1324]
[2024-03-11 14:34:11] Installing org.eclipse.oomph.setup [1.28.0.v20231119-1528]
[2024-03-11 14:34:11] Installing org.eclipse.oomph.setup.core [1.30.0.v20240211-0940]
[2024-03-11 14:34:11] Installing org.eclipse.oomph.setup.core.feature.group [1.30.0.v20240211-0940]
[2024-03-11 14:34:11] Installing org.eclipse.oomph.setup.core.feature.jar [1.30.0.v20240211-0940]
[2024-03-11 14:34:11] Installing org.eclipse.oomph.setup.doc [1.14.0.v20230618-0610]
[2024-03-11 14:34:11] Installing org.eclipse.oomph.setup.edit [1.17.0.v20231119-1528]
[2024-03-11 14:34:11] Installing org.eclipse.oomph.setup.editor [1.27.0.v20231119-1528]
[2024-03-11 14:34:11] Installing org.eclipse.oomph.setup.feature.group [1.31.0.v20240306-1109]
[2024-03-11 14:34:11] Installing org.eclipse.oomph.setup.feature.jar [1.31.0.v20240306-1109]
[2024-03-11 14:34:11] Installing org.eclipse.oomph.setup.p2 [1.20.0.v20230617-1322]
[2024-03-11 14:34:11] Installing org.eclipse.oomph.setup.p2.edit [1.16.0.v20230617-1322]
[2024-03-11 14:34:11] Installing org.eclipse.oomph.setup.sync [1.16.0.v20240211-0940]
[2024-03-11 14:34:11] Installing org.eclipse.oomph.setup.ui [1.29.0.v20240306-1109]
[2024-03-11 14:34:11] Installing org.eclipse.oomph.setup.ui.questionnaire [1.13.0.v20220421-1218]
[2024-03-11 14:34:11] Installing org.eclipse.oomph.ui [1.21.0.v20240120-1356]
[2024-03-11 14:34:11] Installing org.eclipse.oomph.util [1.21.0.v20231205-1338]
[2024-03-11 14:34:11] Installing org.eclipse.oomph.workingsets [1.14.0.v20230617-1322]
[2024-03-11 14:34:11] Installing org.eclipse.oomph.workingsets.edit [1.13.0.v20230204-0932]
[2024-03-11 14:34:11] Installing org.eclipse.oomph.workingsets.editor [1.15.0.v20230828-1517]
[2024-03-11 14:34:11] Installing org.eclipse.orbit.xml-apis-ext [1.0.0.v20230923-0644]
[2024-03-11 14:34:11] Installing org.eclipse.osgi [3.18.600.v20231110-1900]
[2024-03-11 14:34:11] Installing org.eclipse.osgi.compatibility.state [1.2.900.v20231106-0859]
[2024-03-11 14:34:11] Installing org.eclipse.osgi.services [3.11.200.v20231106-0901]
[2024-03-11 14:34:11] Installing org.eclipse.osgi.util [3.7.300.v20231104-1118]
[2024-03-11 14:34:11] Installing org.eclipse.platform [4.30.0.v20231201-0110]
[2024-03-11 14:34:11] Installing org.eclipse.platform.doc.user [4.30.0.v20231123-1519]
[2024-03-11 14:34:11] Installing org.eclipse.platform.feature.group [4.30.0.v20231201-0512]
[2024-03-11 14:34:11] Installing org.eclipse.platform.feature.jar [4.30.0.v20231201-0512]
[2024-03-11 14:34:11] Installing org.eclipse.platform_root [4.30.0.v20231201-0512]
[2024-03-11 14:34:11] Installing org.eclipse.rcp [4.30.0.v20231201-0110]
[2024-03-11 14:34:11] Installing org.eclipse.rcp.feature.group [4.30.0.v20231201-0512]
[2024-03-11 14:34:11] Installing org.eclipse.rcp.feature.jar [4.30.0.v20231201-0512]
[2024-03-11 14:34:11] Installing org.eclipse.rcp_root [4.30.0.v20231201-0512]
[2024-03-11 14:34:11] Installing org.eclipse.search [3.16.0.v20230921-2245]
[2024-03-11 14:34:11] Installing org.eclipse.search.core [3.16.0.v20230921-0933]
[2024-03-11 14:34:11] Installing org.eclipse.swt [3.124.200.v20231113-1355]
[2024-03-11 14:34:11] Installing org.eclipse.swt.cocoa.macosx.aarch64 [3.124.200.v20231113-1355]
[2024-03-11 14:34:11] Installing org.eclipse.team.core [3.10.200.v20231106-1240]
[2024-03-11 14:34:11] Installing org.eclipse.team.genericeditor.diff.extension [1.2.200.v20231106-1240]
[2024-03-11 14:34:11] Installing org.eclipse.team.ui [3.10.200.v20231106-1240]
[2024-03-11 14:34:11] Installing org.eclipse.text [3.13.100.v20230801-1334]
[2024-03-11 14:34:11] Installing org.eclipse.text.quicksearch [1.2.200.v20230701-1052]
[2024-03-11 14:34:11] Installing org.eclipse.tips.core [0.3.200.v20231106-1240]
[2024-03-11 14:34:11] Installing org.eclipse.tips.feature.feature.group [0.4.200.v20231106-1240]
[2024-03-11 14:34:11] Installing org.eclipse.tips.feature.feature.jar [0.4.200.v20231106-1240]
[2024-03-11 14:34:11] Installing org.eclipse.tips.ide [0.3.200.v20231106-1240]
[2024-03-11 14:34:11] Installing org.eclipse.tips.json [0.3.200.v20231106-1240]
[2024-03-11 14:34:11] Installing org.eclipse.tips.ui [0.3.200.v20231106-1240]
[2024-03-11 14:34:11] Installing org.eclipse.tm.terminal.connector.local [4.8.0.202211062329]
[2024-03-11 14:34:11] Installing org.eclipse.tm.terminal.connector.local.feature.feature.group [11.4.0.202309142347]
[2024-03-11 14:34:11] Installing org.eclipse.tm.terminal.connector.local.feature.feature.jar [11.4.0.202309142347]
[2024-03-11 14:34:11] Installing org.eclipse.tm.terminal.connector.process [4.9.0.202211062329]
[2024-03-11 14:34:11] Installing org.eclipse.tm.terminal.connector.ssh [4.8.100.202303140100]
[2024-03-11 14:34:11] Installing org.eclipse.tm.terminal.connector.ssh.feature.feature.group [11.4.0.202309142347]
[2024-03-11 14:34:11] Installing org.eclipse.tm.terminal.connector.ssh.feature.feature.jar [11.4.0.202309142347]
[2024-03-11 14:34:11] Installing org.eclipse.tm.terminal.connector.telnet [4.8.0.202211062329]
[2024-03-11 14:34:11] Installing org.eclipse.tm.terminal.connector.telnet.feature.feature.group [11.4.0.202309142347]
[2024-03-11 14:34:11] Installing org.eclipse.tm.terminal.connector.telnet.feature.feature.jar [11.4.0.202309142347]
[2024-03-11 14:34:11] Installing org.eclipse.tm.terminal.control [5.5.100.202311142253]
[2024-03-11 14:34:11] Installing org.eclipse.tm.terminal.control.feature.feature.group [11.4.0.202311142253]
[2024-03-11 14:34:11] Installing org.eclipse.tm.terminal.control.feature.feature.jar [11.4.0.202311142253]
[2024-03-11 14:34:11] Installing org.eclipse.tm.terminal.feature.feature.group [11.4.0.202309142347]
[2024-03-11 14:34:11] Installing org.eclipse.tm.terminal.feature.feature.jar [11.4.0.202309142347]
[2024-03-11 14:34:11] Installing org.eclipse.tm.terminal.view.core [4.10.100.202309151124]
[2024-03-11 14:34:11] Installing org.eclipse.tm.terminal.view.feature.feature.group [11.4.0.202311142324]
[2024-03-11 14:34:11] Installing org.eclipse.tm.terminal.view.feature.feature.jar [11.4.0.202311142324]
[2024-03-11 14:34:11] Installing org.eclipse.tm.terminal.view.ui [4.11.300.202311142324]
[2024-03-11 14:34:11] Installing org.eclipse.tm4e.core [0.6.1.202308132047]
[2024-03-11 14:34:11] Installing org.eclipse.tm4e.languageconfiguration [0.5.7.202308132047]
[2024-03-11 14:34:11] Installing org.eclipse.tm4e.registry [0.6.5.202308132047]
[2024-03-11 14:34:11] Installing org.eclipse.tm4e.ui [0.7.1.202308132047]
[2024-03-11 14:34:11] Installing org.eclipse.ui [3.205.0.v20230922-1312]
[2024-03-11 14:34:11] Installing org.eclipse.ui.browser [3.8.100.v20230727-0604]
[2024-03-11 14:34:11] Installing org.eclipse.ui.cheatsheets [3.8.200.v20231106-1240]
[2024-03-11 14:34:11] Installing org.eclipse.ui.cocoa [1.3.100.v20230214-1401]
[2024-03-11 14:34:11] Installing org.eclipse.ui.console [3.13.100.v20230914-0751]
[2024-03-11 14:34:11] Installing org.eclipse.ui.editors [3.17.100.v20231106-1600]
[2024-03-11 14:34:11] Installing org.eclipse.ui.externaltools [3.6.200.v20231102-2015]
[2024-03-11 14:34:11] Installing org.eclipse.ui.forms [3.13.100.v20231102-1012]
[2024-03-11 14:34:11] Installing org.eclipse.ui.genericeditor [1.3.200.v20231113-1227]
[2024-03-11 14:34:11] Installing org.eclipse.ui.ide [3.22.0.v20231102-1012]
[2024-03-11 14:34:11] Installing org.eclipse.ui.ide.application [1.5.200.v20231030-2045]
[2024-03-11 14:34:11] Installing org.eclipse.ui.intro [3.7.200.v20231106-1240]
[2024-03-11 14:34:11] Installing org.eclipse.ui.intro.quicklinks [1.2.200.v20231106-1240]
[2024-03-11 14:34:11] Installing org.eclipse.ui.intro.universal [3.5.200.v20231106-1240]
[2024-03-11 14:34:11] Installing org.eclipse.ui.monitoring [1.3.100.v20230727-0604]
[2024-03-11 14:34:11] Installing org.eclipse.ui.navigator [3.12.200.v20231019-2116]
[2024-03-11 14:34:11] Installing org.eclipse.ui.navigator.resources [3.9.100.v20230821-1342]
[2024-03-11 14:34:11] Installing org.eclipse.ui.net [1.5.200.v20231106-1240]
[2024-03-11 14:34:11] Installing org.eclipse.ui.themes [1.2.2300.v20230807-1354]
[2024-03-11 14:34:11] Installing org.eclipse.ui.views [3.12.100.v20230821-1342]
[2024-03-11 14:34:11] Installing org.eclipse.ui.views.log [1.4.200.v20231025-1102]
[2024-03-11 14:34:11] Installing org.eclipse.ui.views.properties.tabbed [3.10.100.v20230727-0604]
[2024-03-11 14:34:11] Installing org.eclipse.ui.workbench [3.131.0.v20231201-0512]
[2024-03-11 14:34:11] Installing org.eclipse.ui.workbench.texteditor [3.17.200.v20231106-1600]
[2024-03-11 14:34:11] Installing org.eclipse.update.configurator [3.5.200.v20231102-0934]
[2024-03-11 14:34:11] Installing org.eclipse.urischeme [1.3.100.v20230727-0604]
[2024-03-11 14:34:11] Installing org.eclipse.userstorage [1.2.0.v20210517-0327]
[2024-03-11 14:34:11] Installing org.eclipse.userstorage.feature.group [1.2.0.v20210517-0327]
[2024-03-11 14:34:11] Installing org.eclipse.userstorage.feature.jar [1.2.0.v20210517-0327]
[2024-03-11 14:34:11] Installing org.eclipse.userstorage.oauth [1.1.0.v20190307-0457]
[2024-03-11 14:34:11] Installing org.eclipse.userstorage.ui [1.1.0.v20190307-0457]
[2024-03-11 14:34:11] Installing org.eclipse.wildwebdeveloper.xml [1.3.1.202310310352]
[2024-03-11 14:34:11] Installing org.eclipse.wildwebdeveloper.xml.feature.feature.group [1.3.1.202310310352]
[2024-03-11 14:34:11] Installing org.eclipse.wildwebdeveloper.xml.feature.feature.jar [1.3.1.202310310352]
[2024-03-11 14:34:11] Installing org.eclipse.wst.common.core [1.4.100.v202103232321]
[2024-03-11 14:34:11] Installing org.eclipse.wst.common.emf [1.2.700.v202007161535]
[2024-03-11 14:34:11] Installing org.eclipse.wst.common.environment [1.1.0.v202308161955]
[2024-03-11 14:34:11] Installing org.eclipse.wst.common.frameworks [1.3.0.v202308161955]
[2024-03-11 14:34:11] Installing org.eclipse.wst.common.uriresolver [1.4.0.v202308161955]
[2024-03-11 14:34:11] Installing org.eclipse.wst.sse.core [1.2.1200.v202308180854]
[2024-03-11 14:34:11] Installing org.eclipse.wst.xml.core [1.2.800.v202308210520]
[2024-03-11 14:34:11] Installing org.glassfish.hk2.osgi-resource-locator [2.5.0.v20161103-1916]
[2024-03-11 14:34:11] Installing org.gradle.toolingapi [8.1.1.v20231117-1658]
[2024-03-11 14:34:11] Installing org.hamcrest [2.2.0]
[2024-03-11 14:34:11] Installing org.hamcrest.core [2.2.0.v20230809-1000]
[2024-03-11 14:34:11] Installing org.jacoco.agent [0.8.11.202310140853]
[2024-03-11 14:34:11] Installing org.jacoco.core [0.8.11.202310140853]
[2024-03-11 14:34:11] Installing org.jacoco.report [0.8.11.202310140853]
[2024-03-11 14:34:11] Installing org.jcodings [1.0.58.v20230703-0749]
[2024-03-11 14:34:11] Installing org.jdom2 [2.0.6.v20230720-0727]
[2024-03-11 14:34:11] Installing org.joni [2.2.1.v20230703-0749]
[2024-03-11 14:34:11] Installing org.jsoup [1.16.1]
[2024-03-11 14:34:11] Installing org.junit [4.13.2.v20230809-1000]
[2024-03-11 14:34:11] Installing org.mortbay.jasper.apache-jsp [9.0.52]
[2024-03-11 14:34:11] Installing org.objectweb.asm [9.6.0]
[2024-03-11 14:34:11] Installing org.objectweb.asm.commons [9.6.0]
[2024-03-11 14:34:11] Installing org.objectweb.asm.tree [9.6.0]
[2024-03-11 14:34:11] Installing org.objectweb.asm.tree.analysis [9.6.0]
[2024-03-11 14:34:11] Installing org.objectweb.asm.util [9.6.0]
[2024-03-11 14:34:11] Installing org.opentest4j [1.3.0]
[2024-03-11 14:34:11] Installing org.osgi.service.cm [1.6.1.202109301733]
[2024-03-11 14:34:11] Installing org.osgi.service.component [1.5.1.202212101352]
[2024-03-11 14:34:11] Installing org.osgi.service.device [1.1.1.202109301733]
[2024-03-11 14:34:11] Installing org.osgi.service.event [1.4.1.202109301733]
[2024-03-11 14:34:11] Installing org.osgi.service.metatype [1.4.1.202109301733]
[2024-03-11 14:34:11] Installing org.osgi.service.prefs [1.1.2.202109301733]
[2024-03-11 14:34:11] Installing org.osgi.service.provisioning [1.2.0.201505202024]
[2024-03-11 14:34:11] Installing org.osgi.service.upnp [1.2.1.202109301733]
[2024-03-11 14:34:11] Installing org.osgi.service.useradmin [1.1.1.202109301733]
[2024-03-11 14:34:11] Installing org.osgi.service.wireadmin [1.0.2.202109301733]
[2024-03-11 14:34:11] Installing org.osgi.util.function [1.2.0.202109301733]
[2024-03-11 14:34:11] Installing org.osgi.util.measurement [1.0.2.201802012109]
[2024-03-11 14:34:11] Installing org.osgi.util.position [1.0.1.201505202026]
[2024-03-11 14:34:11] Installing org.osgi.util.promise [1.3.0.202212101352]
[2024-03-11 14:34:11] Installing org.osgi.util.xml [1.0.2.202109301733]
[2024-03-11 14:34:11] Installing org.sat4j.core [2.3.6.v20201214]
[2024-03-11 14:34:11] Installing org.sat4j.pb [2.3.6.v20201214]
[2024-03-11 14:34:11] Installing org.tukaani.xz [1.9.0]
[2024-03-11 14:34:11] Installing org.yaml.snakeyaml [2.2.0]
[2024-03-11 14:34:11] Installing slf4j.api [2.0.12]
[2024-03-11 14:34:11] Installing tooling.org.eclipse.update.feature.default [1.0.0]
[2024-03-11 14:34:11] Installing tooling.osgi.bundle.default [1.0.0]
[2024-03-11 14:34:11] Installing tooling.source.default [1.0.0]
[2024-03-11 14:34:11] Installing toolingcocoa.macosx.aarch64org.apache.aries.spifly.dynamic.bundle [4.30.0.20231201-1200]
[2024-03-11 14:34:11] Installing toolingcocoa.macosx.aarch64org.apache.felix.scr [4.30.0.20231201-1200]
[2024-03-11 14:34:11] Installing toolingcocoa.macosx.aarch64org.eclipse.core.runtime [4.30.0.20231201-1200]
[2024-03-11 14:34:11] Installing toolingcocoa.macosx.aarch64org.eclipse.equinox.common [4.30.0.20231201-1200]
[2024-03-11 14:34:11] Installing toolingcocoa.macosx.aarch64org.eclipse.equinox.event [4.30.0.20231201-1200]
[2024-03-11 14:34:11] Installing toolingcocoa.macosx.aarch64org.eclipse.equinox.p2.reconciler.dropins [4.30.0.20231201-1200]
[2024-03-11 14:34:11] Installing toolingcocoa.macosx.aarch64org.eclipse.equinox.simpleconfigurator [4.30.0.20231201-1200]
[2024-03-11 14:34:11] Installing toolingepp.package.java.application [4.30.0.20231201-1200]
[2024-03-11 14:34:11] Installing toolingepp.package.java.config.cocoa.macosx.aarch64 [4.30.0.20231201-1200]
[2024-03-11 14:34:11] Installing toolingepp.package.java.configuration [4.30.0.20231201-1200]
[2024-03-11 14:34:11] Installing toolingepp.package.java.executable.cocoa.macosx.aarch64 [4.30.0.20231201-1200]
[2024-03-11 14:34:11] Installing toolingepp.package.java.ini.cocoa.macosx.aarch64 [4.30.0.20231201-1200]
[2024-03-11 14:34:11] Installing toolingorg.eclipse.equinox.launcher [1.6.600.v20231106-1826]
[2024-03-11 14:34:11] Installing toolingorg.eclipse.equinox.launcher.cocoa.macosx.aarch64 [1.2.800.v20231003-1442]
[2024-03-11 14:34:11] Preparing to commit the provisioning operation.
[2024-03-11 14:34:11] Committing the provisioning operation.
[2024-03-11 14:34:11] Performing Eclipse Ini --launcher.appendVmargs
[2024-03-11 14:34:11] Performing Eclipse Ini -vm /Library/Java/JavaVirtualMachines/jdk-17.jdk/Contents/Home/bin
[2024-03-11 14:34:11] Changing /Users/jaeochoiii/Desktop/Java/Eclipse.app/Contents/Eclipse/eclipse.ini (-vm /Library/Java/JavaVirtualMachines/jdk-17.jdk/Contents/Home/bin)
[2024-03-11 14:34:11] Performing Eclipse Ini -Declipse.p2.max.threads=10
[2024-03-11 14:34:11] Changing /Users/jaeochoiii/Desktop/Java/Eclipse.app/Contents/Eclipse/eclipse.ini (-Declipse.p2.max.threads=10)
[2024-03-11 14:34:11] Performing Eclipse Ini -Doomph.update.url=https://download.eclipse.org/oomph/updates/milestone/latest
[2024-03-11 14:34:11] Changing /Users/jaeochoiii/Desktop/Java/Eclipse.app/Contents/Eclipse/eclipse.ini (-Doomph.update.url=https://download.eclipse.org/oomph/updates/milestone/latest)
[2024-03-11 14:34:11] Performing Eclipse Ini -Doomph.redirection.index.redirection=index:/->https://raw.githubusercontent.com/eclipse-oomph/oomph/master/setups/
[2024-03-11 14:34:11] Changing /Users/jaeochoiii/Desktop/Java/Eclipse.app/Contents/Eclipse/eclipse.ini (-Doomph.redirection.index.redirection=index:/->https://raw.githubusercontent.com/eclipse-oomph/oomph/master/setups/)
[2024-03-11 14:34:11] Performing post bootstrap tasks
[2024-03-11 14:34:11] Changing /Users/jaeochoiii/Desktop/Java/Eclipse.app/Contents/Eclipse/configuration/config.ini (osgi.configuration.cascaded=false)
[2024-03-11 14:34:11] 
